proguard/mapping.txt
eu.thedarken.diagnosis.DGdata -> eu.thedarken.diagnosis.d:
    java.util.regex.Pattern NET_PATTERN -> b
    java.util.regex.Pattern CPU_PATTERN -> c
    java.util.regex.Pattern CPU_RUNNING_PATTERN -> d
    java.util.regex.Pattern MEMORY_PATTERN -> e
    java.util.regex.Pattern APP_PATTERN -> f
    java.util.regex.Pattern LOAD_PATTERN -> g
    android.content.Context mContext -> h
    long current_time -> i
    java.util.LinkedList cpulist -> j
    java.util.LinkedList memlist -> k
    java.util.LinkedList loadlist -> l
    java.util.LinkedList battlist -> m
    java.util.LinkedList netlist -> n
    java.util.LinkedList touchlist -> o
    java.util.LinkedList active_apps -> p
    java.util.LinkedList apps -> q
    java.lang.String BUSYBOX -> r
    int active_count -> s
    eu.thedarken.diagnosis.DGdatabase db -> t
    int db_cache -> u
    int DB_CACHE_INTERVALL -> v
    boolean database_enabled -> a
    int highest_app -> w
    android.content.SharedPreferences settings -> x
    android.content.BroadcastReceiver batteryReceiver -> y
    213:214:void close() -> a
    233:236:eu.thedarken.diagnosis.DGdata$CpuInfo getCpu() -> b
    240:243:eu.thedarken.diagnosis.DGdata$MemInfo getMem() -> c
    247:250:eu.thedarken.diagnosis.DGdata$LoadInfo getLoad() -> d
    254:257:eu.thedarken.diagnosis.DGdata$BattInfo getBatt() -> e
    261:264:eu.thedarken.diagnosis.DGdata$NetInfo getNet() -> f
eu.thedarken.diagnosis.DGdata$1 -> eu.thedarken.diagnosis.b:
    eu.thedarken.diagnosis.DGdata$BattInfo temp -> a
    eu.thedarken.diagnosis.DGdata this$0 -> b
    220:228:void onReceive(android.content.Context,android.content.Intent) -> onReceive
eu.thedarken.diagnosis.DGdata$AppInfo -> eu.thedarken.diagnosis.m:
    java.lang.String vsz -> a
    float mem -> b
    float cpu -> c
    java.lang.String command -> d
    long system_time -> e
    eu.thedarken.diagnosis.DGdata this$0 -> f
eu.thedarken.diagnosis.DGdata$BattInfo -> eu.thedarken.diagnosis.f:
    int scale -> a
    int level -> b
    int voltage -> c
    int temp -> d
    long system_time -> e
    eu.thedarken.diagnosis.DGdata this$0 -> f
eu.thedarken.diagnosis.DGdata$CpuInfo -> eu.thedarken.diagnosis.o:
    float usage -> a
    long user -> b
    long nice -> c
    long system -> d
    long idle -> e
    int active_apps -> f
    int cpu_frequency -> g
    long system_time -> h
    eu.thedarken.diagnosis.DGdata this$0 -> i
eu.thedarken.diagnosis.DGdata$LoadInfo -> eu.thedarken.diagnosis.c:
    float first -> a
    float second -> b
    float third -> c
    int active_apps -> e
    long system_time -> d
    eu.thedarken.diagnosis.DGdata this$0 -> f
eu.thedarken.diagnosis.DGdata$MemInfo -> eu.thedarken.diagnosis.g:
    int used -> a
    int free -> b
    int shared -> c
    int buffer -> d
    int cached -> e
    long system_time -> f
    eu.thedarken.diagnosis.DGdata this$0 -> g
eu.thedarken.diagnosis.DGdata$NetInfo -> eu.thedarken.diagnosis.e:
    long traffic_up -> a
    long traffic_down -> b
    long rate_up -> c
    long rate_down -> d
    long system_time -> e
    eu.thedarken.diagnosis.DGdata this$0 -> f
eu.thedarken.diagnosis.DGdata$TouchInfo -> eu.thedarken.diagnosis.n:
    long touches -> a
    long system_time -> b
    eu.thedarken.diagnosis.DGdata this$0 -> c
eu.thedarken.diagnosis.DGdatabase -> eu.thedarken.diagnosis.a:
    android.database.sqlite.SQLiteDatabase mDB -> a
    android.content.Context mContext -> c
    java.util.ArrayList create_tables -> d
    java.util.ArrayList tables -> b
    boolean isOpen -> e
    105:106:void onCreate(android.database.sqlite.SQLiteDatabase) -> onCreate
    109:114:void createTables(android.database.sqlite.SQLiteDatabase) -> a
    119:119:void onUpgrade(android.database.sqlite.SQLiteDatabase,int,int) -> onUpgrade
    122:133:boolean openWrite() -> a
    151:156:void close() -> close
...
org.achartengine.chart.XYChart -> org.achartengine.d.c:
    org.achartengine.model.XYMultipleSeriesDataset mDataset -> a
    org.achartengine.renderer.XYMultipleSeriesRenderer mRenderer -> b
    android.graphics.Rect mScreenR -> c
    java.util.Map mCalcRange -> d
    java.util.Map clickableAreas -> e
    656:656:org.achartengine.renderer.XYMultipleSeriesRenderer getRenderer() -> a
    660:660:org.achartengine.model.XYMultipleSeriesDataset getDataset() -> b
    664:664:double[] getCalcRange(int) -> a
    695:699:double[] toRealPoint(float,float,int) -> a
org.achartengine.model.XYMultipleSeriesDataset -> org.achartengine.c.a:
    java.util.List mSeries -> a
    91:91:org.achartengine.model.XYSeries[] getSeries() -> a
org.achartengine.model.XYSeries -> org.achartengine.c.b:
    double mMinX -> a
    double mMaxX -> b
    double mMinY -> c
    double mMaxY -> d
    int mScaleNumber -> e
    68:68:int getScaleNumber() -> a
    187:187:double getMinX() -> b
    196:196:double getMinY() -> c
    205:205:double getMaxX() -> d
    214:214:double getMaxY() -> e
org.achartengine.renderer.DefaultRenderer -> org.achartengine.a.b:
    java.lang.String mChartTitle -> a
    float mChartTitleTextSize -> b
    android.graphics.Typeface REGULAR_TEXT_FONT -> c
    java.lang.String mTextTypefaceName -> d
    int mTextTypefaceStyle -> e
    boolean mShowAxes -> f
    int mAxesColor -> g
    boolean mShowLabels -> h
    int mLabelsColor -> i
    float mLabelsTextSize -> j
    boolean mShowLegend -> k
    float mLegendTextSize -> l
    boolean mFitLegend -> m
    boolean mShowGrid -> n
    boolean mShowCustomTextGrid -> o
    java.util.List mRenderers -> p
    boolean mAntialiasing -> q
    int mLegendHeight -> r
    int[] mMargins -> s
    float mScale -> t
    boolean mPanEnabled -> u
    boolean mZoomEnabled -> v
    boolean mZoomButtonsVisible -> w
    float mZoomRate -> x
    boolean mExternalZoomEnabled -> y
    float mOriginalScale -> z
    boolean mClickEnabled -> A
    int selectableBuffer -> B
    boolean mInScroll -> C
    463:463:float getScale() -> l
    472:472:float getOriginalScale() -> m
    482:483:void setScale(float) -> a
    491:491:boolean isZoomEnabled() -> d
    509:509:boolean isZoomButtonsVisible() -> n
    527:527:boolean isExternalZoomEnabled() -> o
    545:545:float getZoomRate() -> p
    554:554:boolean isPanEnabled() -> a
    581:581:boolean isClickEnabled() -> q
    655:655:boolean isInScroll() -> r